2024-11-21 17:23:16.402 [info] Starting Python Locator /teamspace/studios/this_studio/.vscode-server/extensions/ms-python.python-2024.20.0-linux-x64/python-env-tools/bin/pet server
2024-11-21 17:23:16.402 [info] Discovered manager: (Poetry) /commands/poetry
2024-11-21 17:23:16.402 [info] Discovered manager: (Conda) /home/zeus/miniconda3/bin/conda
2024-11-21 17:23:16.402 [info] Discovered env: /home/zeus/miniconda3/envs/cloudspace/bin/python
2024-11-21 17:23:16.402 [info] Discovered env: /bin/python3
2024-11-21 17:23:16.402 [info] Discovered env: /usr/bin/python3
2024-11-21 17:23:16.402 [info] Locator Conda took 121.155964ms
2024-11-21 17:23:16.402 [info] Locator Homebrew took 140.915µs
2024-11-21 17:23:16.402 [info] Locator LinuxGlobal took 89.839583ms
2024-11-21 17:23:16.402 [info] Locator PipEnv took 12.807µs
2024-11-21 17:23:16.402 [info] Locator Poetry took 1.784677ms
2024-11-21 17:23:16.402 [info] Locator PyEnv took 1.415316ms
2024-11-21 17:23:16.402 [info] Locator Venv took 19.816µs
2024-11-21 17:23:16.402 [info] Locator VirtualEnv took 12.303µs
2024-11-21 17:23:16.402 [info] Locator VirtualEnvWrapper took 22.91µs
2024-11-21 17:23:16.402 [info] Locator GlobalVirtualEnvs took 736.789µs
2024-11-21 17:23:16.402 [info] Locator Locators took 121.553488ms
2024-11-21 17:23:16.402 [info] Locator Path took 176.867578ms
2024-11-21 17:23:16.402 [info] Locator Workspaces took 1.628µs
2024-11-21 17:23:16.402 [info] Refresh completed in 176ms
