2024-11-18 17:35:28.776 [info] [main] Log level: Info
2024-11-18 17:35:28.776 [info] [main] Validating found git in: "git"
2024-11-18 17:35:28.776 [info] [main] Using git "2.42.0" from "git"
2024-11-18 17:35:28.776 [info] [Model][doInitialScan] Initial repository scan started
2024-11-18 17:35:28.776 [info] > git rev-parse --show-toplevel [66ms]
2024-11-18 17:35:28.776 [info] fatal: not a git repository (or any parent up to mount point /teamspace/studios)
Stopping at filesystem boundary (GIT_DISCOVERY_ACROSS_FILESYSTEM not set).
2024-11-18 17:35:28.776 [info] > git rev-parse --show-toplevel [16ms]
2024-11-18 17:35:28.776 [info] fatal: not a git repository (or any parent up to mount point /teamspace/studios)
Stopping at filesystem boundary (GIT_DISCOVERY_ACROSS_FILESYSTEM not set).
2024-11-18 17:35:28.782 [info] > git rev-parse --show-toplevel [2ms]
2024-11-18 17:35:28.782 [info] fatal: not a git repository (or any parent up to mount point /teamspace/studios)
Stopping at filesystem boundary (GIT_DISCOVERY_ACROSS_FILESYSTEM not set).
2024-11-18 17:35:28.787 [info] > git rev-parse --show-toplevel [2ms]
2024-11-18 17:35:28.787 [info] fatal: not a git repository (or any parent up to mount point /teamspace/studios)
Stopping at filesystem boundary (GIT_DISCOVERY_ACROSS_FILESYSTEM not set).
2024-11-18 17:35:28.791 [info] > git rev-parse --show-toplevel [2ms]
2024-11-18 17:35:28.791 [info] fatal: not a git repository (or any parent up to mount point /teamspace/studios)
Stopping at filesystem boundary (GIT_DISCOVERY_ACROSS_FILESYSTEM not set).
2024-11-18 17:35:28.796 [info] > git rev-parse --show-toplevel [2ms]
2024-11-18 17:35:28.796 [info] fatal: not a git repository (or any parent up to mount point /teamspace/studios)
Stopping at filesystem boundary (GIT_DISCOVERY_ACROSS_FILESYSTEM not set).
2024-11-18 17:35:28.800 [info] > git rev-parse --show-toplevel [2ms]
2024-11-18 17:35:28.800 [info] fatal: not a git repository (or any parent up to mount point /teamspace/studios)
Stopping at filesystem boundary (GIT_DISCOVERY_ACROSS_FILESYSTEM not set).
2024-11-18 17:35:28.804 [info] > git rev-parse --show-toplevel [2ms]
2024-11-18 17:35:28.804 [info] fatal: not a git repository (or any parent up to mount point /teamspace/studios)
Stopping at filesystem boundary (GIT_DISCOVERY_ACROSS_FILESYSTEM not set).
2024-11-18 17:35:28.809 [info] > git rev-parse --show-toplevel [3ms]
2024-11-18 17:35:28.809 [info] fatal: not a git repository (or any parent up to mount point /teamspace/studios)
Stopping at filesystem boundary (GIT_DISCOVERY_ACROSS_FILESYSTEM not set).
2024-11-18 17:35:28.813 [info] > git rev-parse --show-toplevel [2ms]
2024-11-18 17:35:28.813 [info] fatal: not a git repository (or any parent up to mount point /teamspace/studios)
Stopping at filesystem boundary (GIT_DISCOVERY_ACROSS_FILESYSTEM not set).
2024-11-18 17:35:28.815 [info] [Model][doInitialScan] Initial repository scan completed - repositories (0), closed repositories (0), parent repositories (0), unsafe repositories (0)
