2024-11-21 08:45:33.801 [info] Experiment 'pythonRecommendTensorboardExt' is active
2024-11-21 08:45:33.801 [info] Experiment 'pythonTerminalEnvVarActivation' is active
2024-11-21 08:45:33.801 [info] Experiment 'pythonTestAdapter' is active
2024-11-21 08:45:33.801 [warning] Dir "/teamspace/studios/this_studio/.pixi/envs" is not watchable (directory does not exist)
2024-11-21 08:45:34.351 [info] Python interpreter path: /home/zeus/miniconda3/envs/cloudspace/bin/python
2024-11-21 08:45:36.055 [info] > pyenv which python
2024-11-21 08:45:36.055 [info] cwd: .
2024-11-21 08:45:47.096 [info] Starting Pylance language server.
2024-11-21 08:45:47.104 [info] > conda info --json
2024-11-21 08:47:08.270 [info] Send text to terminal: /home/zeus/miniconda3/envs/cloudspace/bin/python /teamspace/studios/this_studio/test.py
2024-11-21 08:47:08.550 [info] CreateEnv Trigger - Skipping for /teamspace/studios/this_studio/test.py
2024-11-21 08:47:17.570 [info] Send text to terminal: /home/zeus/miniconda3/envs/cloudspace/bin/python /teamspace/studios/this_studio/main.py
2024-11-21 08:47:17.821 [info] Discover tests for workspace name: this_studio - uri: /teamspace/studios/this_studio/main.py
2024-11-21 08:47:29.463 [info] Send text to terminal: /home/zeus/miniconda3/envs/cloudspace/bin/python /teamspace/studios/this_studio/main.py
2024-11-21 08:47:29.712 [info] Discover tests for workspace name: this_studio - uri: /teamspace/studios/this_studio/main.py
2024-11-21 08:47:40.196 [info] Send text to terminal: /home/zeus/miniconda3/envs/cloudspace/bin/python /teamspace/studios/this_studio/main.py
2024-11-21 08:47:40.446 [info] Discover tests for workspace name: this_studio - uri: /teamspace/studios/this_studio/main.py
2024-11-21 08:47:47.023 [info] Send text to terminal: /home/zeus/miniconda3/envs/cloudspace/bin/python /teamspace/studios/this_studio/test.py
2024-11-21 08:47:58.466 [info] Send text to terminal: /home/zeus/miniconda3/envs/cloudspace/bin/python /teamspace/studios/this_studio/test.py
2024-11-21 08:48:10.769 [info] Send text to terminal: /home/zeus/miniconda3/envs/cloudspace/bin/python /teamspace/studios/this_studio/test.py
2024-11-21 08:48:22.187 [info] Send text to terminal: /home/zeus/miniconda3/envs/cloudspace/bin/python /teamspace/studios/this_studio/test.py
2024-11-21 09:23:53.500 [info] Running installed packages checker:  {
  id: '/home/zeus/miniconda3/envs/cloudspace/bin/python',
  sysPrefix: '/home/zeus/miniconda3/envs/cloudspace',
  envType: 'Conda',
  envName: 'cloudspace',
  envPath: '/home/zeus/miniconda3/envs/cloudspace',
  path: '/home/zeus/miniconda3/envs/cloudspace/bin/python',
  architecture: 3,
  sysVersion: '3.10.10 (main, Mar 21 2023, 18:45:11) [GCC 11.2.0]',
  version: {
    raw: '3.10.10',
    major: 3,
    minor: 10,
    patch: 10,
    build: [],
    prerelease: [ 'final', '0' ]
  },
  companyDisplayName: 'Anaconda, Inc.',
  displayName: "Python 3.10.10 ('cloudspace')",
  detailedDisplayName: "Python 3.10.10 ('cloudspace': conda)",
  type: 'Conda'
} /teamspace/studios/this_studio/.vscode-server/extensions/ms-python.python-2024.20.0-linux-x64/python_files/installed_check.py /teamspace/studios/this_studio/rag-chat-with-pdf/requirements.txt
2024-11-21 09:23:53.501 [info] > /home/zeus/miniconda3/envs/cloudspace/bin/python ./.vscode-server/extensions/ms-python.python-2024.20.0-linux-x64/python_files/installed_check.py ./rag-chat-with-pdf/requirements.txt
