2024-11-21 16:29:45.209 [info] Starting Python Locator /teamspace/studios/this_studio/.vscode-server/extensions/ms-python.python-2024.20.0-linux-x64/python-env-tools/bin/pet server
2024-11-21 16:29:45.209 [info] Discovered manager: (Conda) /home/zeus/miniconda3/bin/conda
2024-11-21 16:29:45.209 [info] Discovered env: /home/zeus/miniconda3/envs/cloudspace/bin/python
2024-11-21 16:29:45.209 [info] Discovered manager: (Poetry) /commands/poetry
2024-11-21 16:29:45.209 [info] Discovered env: /usr/bin/python3
2024-11-21 16:29:45.209 [info] Discovered env: /bin/python3
2024-11-21 16:29:45.209 [info] Locator Conda took 101.311696ms
2024-11-21 16:29:45.209 [info] Locator Homebrew took 153.571µs
2024-11-21 16:29:45.209 [info] Locator LinuxGlobal took 47.815873ms
2024-11-21 16:29:45.209 [info] Locator PipEnv took 16.206µs
2024-11-21 16:29:45.209 [info] Locator Poetry took 11.672609ms
2024-11-21 16:29:45.209 [info] Locator PyEnv took 2.531473ms
2024-11-21 16:29:45.209 [info] Locator Venv took 13.535µs
2024-11-21 16:29:45.209 [info] Locator VirtualEnv took 14.292µs
2024-11-21 16:29:45.209 [info] Locator VirtualEnvWrapper took 33.079µs
2024-11-21 16:29:45.209 [info] Locator GlobalVirtualEnvs took 16.112245ms
2024-11-21 16:29:45.209 [info] Locator Locators took 139.227419ms
2024-11-21 16:29:45.209 [info] Locator Path took 158.231559ms
2024-11-21 16:29:45.209 [info] Locator Workspaces took 151.847963ms
2024-11-21 16:29:45.209 [info] Refresh completed in 165ms
