2024-11-16 17:30:52.339 [info] Experiment 'pythonRecommendTensorboardExt' is active
2024-11-16 17:30:52.339 [info] Experiment 'pythonTerminalEnvVarActivation' is active
2024-11-16 17:30:52.339 [info] Experiment 'pythonTestAdapter' is active
2024-11-16 17:30:52.339 [warning] Dir "/teamspace/studios/this_studio/.pixi/envs" is not watchable (directory does not exist)
2024-11-16 17:30:52.366 [info] Starting Environment refresh
2024-11-16 17:30:52.684 [info] > hatch env show --json
2024-11-16 17:30:52.684 [info] cwd: .
2024-11-16 17:30:52.685 [info] Python interpreter path: /home/zeus/miniconda3/envs/cloudspace/bin/python
2024-11-16 17:30:52.691 [info] > conda info --json
2024-11-16 17:30:53.136 [info] > /home/zeus/miniconda3/envs/cloudspace/bin/python -I ./.vscode-server/extensions/ms-python.python-2024.20.0-linux-x64/python_files/get_output_via_markers.py ./.vscode-server/extensions/ms-python.python-2024.20.0-linux-x64/python_files/interpreterInfo.py
2024-11-16 17:30:53.136 [info] Environments refresh paths discovered: 770 milliseconds
2024-11-16 17:30:53.182 [info] Environments refresh finished (event): 816 milliseconds
2024-11-16 17:30:53.184 [info] Environment refresh took 819 milliseconds
2024-11-16 17:30:53.187 [info] > pyenv which python
2024-11-16 17:30:53.187 [info] cwd: .
2024-11-16 17:31:04.523 [info] Starting Pylance language server.
2024-11-16 18:07:05.560 [info] CreateEnv Trigger - Skipping for /teamspace/studios/this_studio/main.py
2024-11-16 18:07:06.259 [info] Discover tests for workspace name: this_studio - uri: /teamspace/studios/this_studio/main.py
2024-11-16 18:07:06.611 [info] Send text to terminal: /home/zeus/miniconda3/envs/cloudspace/bin/python /teamspace/studios/this_studio/main.py
2024-11-16 18:13:35.228 [info] Send text to terminal: /home/zeus/miniconda3/envs/cloudspace/bin/python /teamspace/studios/this_studio/main.py
2024-11-16 18:13:35.478 [info] Discover tests for workspace name: this_studio - uri: /teamspace/studios/this_studio/main.py
2024-11-16 18:13:52.113 [info] Send text to terminal: /home/zeus/miniconda3/envs/cloudspace/bin/python /teamspace/studios/this_studio/main.py
2024-11-16 18:13:52.363 [info] Discover tests for workspace name: this_studio - uri: /teamspace/studios/this_studio/main.py
2024-11-16 18:14:42.754 [info] Send text to terminal: /home/zeus/miniconda3/envs/cloudspace/bin/python /teamspace/studios/this_studio/main.py
2024-11-16 18:14:43.005 [info] Discover tests for workspace name: this_studio - uri: /teamspace/studios/this_studio/main.py
2024-11-16 18:15:52.001 [info] Send text to terminal: /home/zeus/miniconda3/envs/cloudspace/bin/python /teamspace/studios/this_studio/main.py
2024-11-16 18:15:52.251 [info] Discover tests for workspace name: this_studio - uri: /teamspace/studios/this_studio/main.py
2024-11-16 18:16:52.346 [info] Send text to terminal: /home/zeus/miniconda3/envs/cloudspace/bin/python /teamspace/studios/this_studio/main.py
2024-11-16 18:16:52.597 [info] Discover tests for workspace name: this_studio - uri: /teamspace/studios/this_studio/main.py
2024-11-16 18:32:27.498 [info] Send text to terminal: /home/zeus/miniconda3/envs/cloudspace/bin/python /teamspace/studios/this_studio/main.py
2024-11-16 18:32:27.748 [info] Discover tests for workspace name: this_studio - uri: /teamspace/studios/this_studio/main.py
2024-11-16 18:32:51.183 [info] Send text to terminal: /home/zeus/miniconda3/envs/cloudspace/bin/python /teamspace/studios/this_studio/test.py
2024-11-16 18:32:51.433 [info] Discover tests for workspace name: this_studio - uri: /teamspace/studios/this_studio/test.py
2024-11-16 18:33:01.381 [info] Send text to terminal: /home/zeus/miniconda3/envs/cloudspace/bin/python /teamspace/studios/this_studio/test.py
