2024-11-21 10:05:21.383 [info] Starting Python Locator /teamspace/studios/this_studio/.vscode-server/extensions/ms-python.python-2024.20.0-linux-x64/python-env-tools/bin/pet server
2024-11-21 10:05:21.383 [info] Discovered manager: (Poetry) /commands/poetry
2024-11-21 10:05:21.383 [info] Discovered manager: (Conda) /home/zeus/miniconda3/bin/conda
2024-11-21 10:05:21.383 [info] Discovered env: /home/zeus/miniconda3/envs/cloudspace/bin/python
2024-11-21 10:05:21.383 [info] Discovered env: /usr/bin/python3
2024-11-21 10:05:21.383 [info] Discovered env: /bin/python3
2024-11-21 10:05:21.383 [info] Locator Conda took 76.841307ms
2024-11-21 10:05:21.383 [info] Locator Homebrew took 206.103µs
2024-11-21 10:05:21.383 [info] Locator LinuxGlobal took 50.766719ms
2024-11-21 10:05:21.383 [info] Locator PipEnv took 11.703µs
2024-11-21 10:05:21.383 [info] Locator Poetry took 135.816µs
2024-11-21 10:05:21.383 [info] Locator PyEnv took 148.294µs
2024-11-21 10:05:21.383 [info] Locator Venv took 12.532µs
2024-11-21 10:05:21.383 [info] Locator VirtualEnv took 11.924µs
2024-11-21 10:05:21.383 [info] Locator VirtualEnvWrapper took 19.048µs
2024-11-21 10:05:21.383 [info] Locator GlobalVirtualEnvs took 284.208µs
2024-11-21 10:05:21.383 [info] Locator Locators took 81.843922ms
2024-11-21 10:05:21.383 [info] Locator Path took 164.550262ms
2024-11-21 10:05:21.383 [info] Locator Workspaces took 993ns
2024-11-21 10:05:21.383 [info] Refresh completed in 164ms
